<?xml version="1.0" encoding="UTF-8"?>
<!-- Generated by org.testng.reporters.JUnitXMLReporter -->
<testsuite ignored="0" hostname="DESKTOP-3V0JAHJ" failures="0" tests="1" name="Surefire test" time="0.301" errors="0" timestamp="2024-09-11T08:18:21 IST">
  <testcase classname="testBase.BaseClass" name="@BeforeClass setup" time="-1.726022901394E9">
    <failure type="org.testng.TestNGException" message="
Parameter &amp;apos;os&amp;apos; is required by BeforeClass on method setup but has not been marked @Optional or defined
">
      <![CDATA[org.testng.TestNGException: 
Parameter 'os' is required by BeforeClass on method setup but has not been marked @Optional or defined

at java.base/java.util.ArrayList.forEach(ArrayList.java:1596)
... Removed 27 stack frames]]>
    </failure>
  </testcase> <!-- @BeforeClass setup -->
  <testcase classname="testBase.BaseClass" name="@AfterClass teardown" time="0.0">
    <skipped/>
  </testcase> <!-- @AfterClass teardown -->
  <testcase classname="testCases.TC001_AccntRegTest" name="Acctreg" time="0.0">
    <skipped/>
  </testcase> <!-- Acctreg -->
</testsuite> <!-- Surefire test -->
